<?xml version="1.0" encoding="UTF-8"?>
<testng-results ignored="0" total="1" passed="1" failed="0" skipped="0">
  <reporter-output>
  </reporter-output>
  <suite started-at="2023-04-19T11:08:16 EDT" name="Default suite" finished-at="2023-04-19T11:08:22 EDT" duration-ms="5527">
    <groups>
    </groups>
    <test started-at="2023-04-19T11:08:16 EDT" name="Default test" finished-at="2023-04-19T11:08:22 EDT" duration-ms="5527">
      <class name="tests.TestCase">
        <test-method is-config="true" signature="testSetup()[pri:0, instance:tests.TestCase@2145b572]" started-at="2023-04-19T11:08:16 EDT" name="testSetup" finished-at="2023-04-19T11:08:19 EDT" duration-ms="2618" status="PASS">
          <reporter-output>
          </reporter-output>
        </test-method> <!-- testSetup -->
        <test-method is-config="true" signature="openBrowser()[pri:0, instance:tests.TestCase@2145b572]" started-at="2023-04-19T11:08:19 EDT" name="openBrowser" finished-at="2023-04-19T11:08:22 EDT" duration-ms="2775" status="PASS">
          <reporter-output>
          </reporter-output>
        </test-method> <!-- openBrowser -->
        <test-method signature="test01()[pri:0, instance:tests.TestCase@2145b572]" started-at="2023-04-19T11:08:22 EDT" name="test01" finished-at="2023-04-19T11:08:22 EDT" duration-ms="4" status="PASS">
          <reporter-output>
          </reporter-output>
        </test-method> <!-- test01 -->
        <test-method is-config="true" signature="afterClass()[pri:0, instance:tests.TestCase@2145b572]" started-at="2023-04-19T11:08:22 EDT" name="afterClass" finished-at="2023-04-19T11:08:22 EDT" duration-ms="110" status="PASS">
          <reporter-output>
          </reporter-output>
        </test-method> <!-- afterClass -->
      </class> <!-- tests.TestCase -->
    </test> <!-- Default test -->
  </suite> <!-- Default suite -->
</testng-results>
